<?xml version="1.0" encoding="UTF-8"?>
<!-- Generated by org.testng.reporters.JUnitReportReporter -->
<testsuite hostname="DESKTOP-IRUI47D" failures="0" tests="1" name="Mobiles.Redmi" time="9.022" errors="0" timestamp="2024-01-18T18:13:12 IST" skipped="0">
  <testcase classname="Mobiles.Redmi" name="redmistart" time="9.022"/>
</testsuite> <!-- Mobiles.Redmi -->
