<?xml version="1.0" encoding="UTF-8"?>
<!-- Generated by org.testng.reporters.JUnitReportReporter -->
<testsuite hostname="DESKTOP-IRUI47D" failures="0" tests="3" name="TestNG_or_UnitTesting.AtTestWith_enabled_attribute" time="0.019" errors="0" timestamp="2024-01-17T16:00:31 IST" skipped="1">
  <testcase classname="TestNG_or_UnitTesting.AtTestWith_enabled_attribute" name="example" time="0.015"/>
  <testcase classname="TestNG_or_UnitTesting.AtTestWith_enabled_attribute" name="sample" time="0.004"/>
  <testcase classname="TestNG_or_UnitTesting.AtTestWith_enabled_attribute" name="demo">
    <skipped/>
  </testcase> <!-- demo -->
</testsuite> <!-- TestNG_or_UnitTesting.AtTestWith_enabled_attribute -->
