<?xml version="1.0" encoding="UTF-8"?>
<!-- Generated by org.testng.reporters.JUnitReportReporter -->
<testsuite hostname="DESKTOP-IRUI47D" failures="0" tests="5" name="DataProvider.UserRegistrationInDemoWebShop_byUsing2DimensionalArray" time="33.631" errors="0" timestamp="2024-01-23T11:43:05 IST" skipped="0">
  <testcase classname="DataProvider.UserRegistrationInDemoWebShop_byUsing2DimensionalArray" name="read" time="6.702"/>
  <testcase classname="DataProvider.UserRegistrationInDemoWebShop_byUsing2DimensionalArray" name="read" time="7.310"/>
  <testcase classname="DataProvider.UserRegistrationInDemoWebShop_byUsing2DimensionalArray" name="read" time="6.566"/>
  <testcase classname="DataProvider.UserRegistrationInDemoWebShop_byUsing2DimensionalArray" name="read" time="6.481"/>
  <testcase classname="DataProvider.UserRegistrationInDemoWebShop_byUsing2DimensionalArray" name="read" time="6.572"/>
</testsuite> <!-- DataProvider.UserRegistrationInDemoWebShop_byUsing2DimensionalArray -->
