<?xml version="1.0" encoding="UTF-8"?>
<!-- Generated by org.testng.reporters.JUnitReportReporter -->
<testsuite hostname="DESKTOP-IRUI47D" failures="0" tests="1" name="Cross_Browser_Testing.Subjects" time="0.018" errors="0" timestamp="2024-01-22T13:19:17 IST" skipped="0">
  <testcase classname="Cross_Browser_Testing.Subjects" name="subjects" time="0.018"/>
</testsuite> <!-- Cross_Browser_Testing.Subjects -->
