<?xml version="1.0" encoding="UTF-8"?>
<!-- Generated by org.testng.reporters.JUnitReportReporter -->
<testsuite hostname="DESKTOP-IRUI47D" failures="0" tests="1" name="TestNG_or_UnitTesting.AtTest2" time="0.013" errors="0" timestamp="2024-01-17T12:42:01 IST" skipped="0">
  <testcase classname="TestNG_or_UnitTesting.AtTest2" name="demo" time="0.013"/>
</testsuite> <!-- TestNG_or_UnitTesting.AtTest2 -->
