<?xml version="1.0" encoding="UTF-8"?>
<!-- Generated by org.testng.reporters.JUnitReportReporter -->
<testsuite hostname="DESKTOP-IRUI47D" failures="0" tests="1" name="Cross_Browser_Testing.cars" time="0.018" errors="0" timestamp="2024-01-22T13:40:16 IST" skipped="0">
  <testcase classname="Cross_Browser_Testing.cars" name="car" time="0.018"/>
</testsuite> <!-- Cross_Browser_Testing.cars -->
