<?xml version="1.0" encoding="UTF-8"?>
<!-- Generated by org.testng.reporters.JUnitReportReporter -->
<testsuite hostname="DESKTOP-IRUI47D" failures="0" tests="1" name="Cross_Browser_Testing.Flower" time="0.015" errors="0" timestamp="2024-01-22T12:34:02 IST" skipped="0">
  <testcase classname="Cross_Browser_Testing.Flower" name="flower" time="0.015"/>
</testsuite> <!-- Cross_Browser_Testing.Flower -->
