<?xml version="1.0" encoding="UTF-8"?>
<!-- Generated by org.testng.reporters.JUnitReportReporter -->
<testsuite hostname="DESKTOP-IRUI47D" failures="0" tests="3" name="DataProvider.UserRegistrationIn_DemoWebShop" time="24.925" errors="0" timestamp="2024-01-22T18:47:07 IST" skipped="0">
  <testcase classname="DataProvider.UserRegistrationIn_DemoWebShop" name="userregistration" time="8.096"/>
  <testcase classname="DataProvider.UserRegistrationIn_DemoWebShop" name="userregistration" time="7.848"/>
  <testcase classname="DataProvider.UserRegistrationIn_DemoWebShop" name="userregistration" time="8.981"/>
</testsuite> <!-- DataProvider.UserRegistrationIn_DemoWebShop -->
