<?xml version="1.0" encoding="UTF-8"?>
<!-- Generated by org.testng.reporters.JUnitReportReporter -->
<testsuite hostname="DESKTOP-IRUI47D" failures="0" tests="3" name="TestNG_or_UnitTesting.AtTestWithPriorityAttribute" time="0.033" errors="0" timestamp="2024-01-17T15:05:08 IST" skipped="0">
  <testcase classname="TestNG_or_UnitTesting.AtTestWithPriorityAttribute" name="Yamaha" time="0.026"/>
  <testcase classname="TestNG_or_UnitTesting.AtTestWithPriorityAttribute" name="hero" time="0.003"/>
  <testcase classname="TestNG_or_UnitTesting.AtTestWithPriorityAttribute" name="kawasaki" time="0.004"/>
</testsuite> <!-- TestNG_or_UnitTesting.AtTestWithPriorityAttribute -->
