<?xml version="1.0" encoding="UTF-8"?>
<!-- Generated by org.testng.reporters.JUnitReportReporter -->
<testsuite hostname="DESKTOP-IRUI47D" failures="0" tests="3" name="DataProvider.LoginToDemoWebShop_byFetchingDataFromExcel" time="21.827" errors="0" timestamp="2024-01-22T17:55:14 IST" skipped="0">
  <testcase classname="DataProvider.LoginToDemoWebShop_byFetchingDataFromExcel" name="login" time="7.955"/>
  <testcase classname="DataProvider.LoginToDemoWebShop_byFetchingDataFromExcel" name="login" time="6.662"/>
  <testcase classname="DataProvider.LoginToDemoWebShop_byFetchingDataFromExcel" name="login" time="7.210"/>
</testsuite> <!-- DataProvider.LoginToDemoWebShop_byFetchingDataFromExcel -->
