<?xml version="1.0" encoding="UTF-8"?>
<!-- Generated by org.testng.reporters.JUnitReportReporter -->
<testsuite hostname="DESKTOP-IRUI47D" failures="0" tests="3" name="LearningAsserts.RegistrationOfNewUsers" time="25.669" errors="0" timestamp="2024-01-24T08:56:38 IST" skipped="0">
  <testcase classname="LearningAsserts.RegistrationOfNewUsers" name="userregister" time="8.271">
    <system-out>
      <![CDATA[Browser launched
Browser maximized
Application Launched
Clicked on register link
Register page displayed
selected gender as male
First name entered
Last name entered
email entered
password entered
Confirm password entered
clicked on register button
Confirmation message displayed
window closed]]>
    </system-out>
  </testcase> <!-- userregister -->
  <testcase classname="LearningAsserts.RegistrationOfNewUsers" name="userregister" time="9.471">
    <system-out>
      <![CDATA[Browser launched
Browser maximized
Application Launched
Clicked on register link
Register page displayed
selected gender as male
First name entered
Last name entered
email entered
password entered
Confirm password entered
clicked on register button
Confirmation message displayed
window closed]]>
    </system-out>
  </testcase> <!-- userregister -->
  <testcase classname="LearningAsserts.RegistrationOfNewUsers" name="userregister" time="7.927">
    <system-out>
      <![CDATA[Browser launched
Browser maximized
Application Launched
Clicked on register link
Register page displayed
selected gender as male
First name entered
Last name entered
email entered
password entered
Confirm password entered
clicked on register button
Confirmation message displayed
window closed]]>
    </system-out>
  </testcase> <!-- userregister -->
  <system-out>
    <![CDATA[Browser launched
Browser maximized
Application Launched
Clicked on register link
Register page displayed
selected gender as male
First name entered
Last name entered
email entered
password entered
Confirm password entered
clicked on register button
Confirmation message displayed
window closed
Browser launched
Browser maximized
Application Launched
Clicked on register link
Register page displayed
selected gender as male
First name entered
Last name entered
email entered
password entered
Confirm password entered
clicked on register button
Confirmation message displayed
window closed
Browser launched
Browser maximized
Application Launched
Clicked on register link
Register page displayed
selected gender as male
First name entered
Last name entered
email entered
password entered
Confirm password entered
clicked on register button
Confirmation message displayed
window closed]]>
  </system-out>
</testsuite> <!-- LearningAsserts.RegistrationOfNewUsers -->
