<?xml version="1.0" encoding="UTF-8"?>
<!-- Generated by org.testng.reporters.JUnitReportReporter -->
<testsuite hostname="DESKTOP-IRUI47D" failures="0" tests="6" name="TestNG_or_UnitTesting.AtTestWith_threadPoolSize_Attribute" time="36.378" errors="0" timestamp="2024-01-17T15:50:36 IST" skipped="0">
  <testcase classname="TestNG_or_UnitTesting.AtTestWith_threadPoolSize_Attribute" name="learningthreadPoolSize" time="6.816"/>
  <testcase classname="TestNG_or_UnitTesting.AtTestWith_threadPoolSize_Attribute" name="learningthreadPoolSize" time="5.729"/>
  <testcase classname="TestNG_or_UnitTesting.AtTestWith_threadPoolSize_Attribute" name="learningthreadPoolSize" time="5.637"/>
  <testcase classname="TestNG_or_UnitTesting.AtTestWith_threadPoolSize_Attribute" name="learningthreadPoolSize" time="5.745"/>
  <testcase classname="TestNG_or_UnitTesting.AtTestWith_threadPoolSize_Attribute" name="learningthreadPoolSize" time="6.720"/>
  <testcase classname="TestNG_or_UnitTesting.AtTestWith_threadPoolSize_Attribute" name="learningthreadPoolSize" time="5.731"/>
</testsuite> <!-- TestNG_or_UnitTesting.AtTestWith_threadPoolSize_Attribute -->
