<?xml version="1.0" encoding="UTF-8"?>
<!-- Generated by org.testng.reporters.JUnitReportReporter -->
<testsuite hostname="DESKTOP-IRUI47D" failures="0" tests="5" name="TestNG_or_UnitTesting.AtTestWith_invocationCount_Attribute" time="20.755" errors="0" timestamp="2024-01-17T15:30:33 IST" skipped="0">
  <testcase classname="TestNG_or_UnitTesting.AtTestWith_invocationCount_Attribute" name="learninginvocationCount" time="3.932"/>
  <testcase classname="TestNG_or_UnitTesting.AtTestWith_invocationCount_Attribute" name="learninginvocationCount" time="3.718"/>
  <testcase classname="TestNG_or_UnitTesting.AtTestWith_invocationCount_Attribute" name="learninginvocationCount" time="3.737"/>
  <testcase classname="TestNG_or_UnitTesting.AtTestWith_invocationCount_Attribute" name="learninginvocationCount" time="5.481"/>
  <testcase classname="TestNG_or_UnitTesting.AtTestWith_invocationCount_Attribute" name="learninginvocationCount" time="3.887"/>
</testsuite> <!-- TestNG_or_UnitTesting.AtTestWith_invocationCount_Attribute -->
