<?xml version="1.0" encoding="UTF-8"?>
<!-- Generated by org.testng.reporters.JUnitReportReporter -->
<testsuite hostname="DESKTOP-IRUI47D" failures="0" tests="1" name="Cross_Browser_Testing.Vegitable" time="0.020" errors="0" timestamp="2024-01-22T12:24:34 IST" skipped="0">
  <testcase classname="Cross_Browser_Testing.Vegitable" name="vegitable" time="0.020"/>
</testsuite> <!-- Cross_Browser_Testing.Vegitable -->
