<?xml version="1.0" encoding="UTF-8"?>
<!-- Generated by org.testng.reporters.JUnitReportReporter -->
<testsuite hostname="DESKTOP-IRUI47D" failures="0" tests="1" name="TestNG_or_UnitTesting.AtTestWithTimeOutAttribute" time="5.033" errors="1" timestamp="2024-01-17T15:20:16 IST" skipped="0">
  <testcase classname="TestNG_or_UnitTesting.AtTestWithTimeOutAttribute" name="timeout" time="5.033">
    <error message="Method TestNG_or_UnitTesting.AtTestWithTimeOutAttribute.timeout() didn&#039;t finish within the time-out 5000" type="org.testng.internal.thread.ThreadTimeoutException">
      <![CDATA[org.testng.internal.thread.ThreadTimeoutException: Method TestNG_or_UnitTesting.AtTestWithTimeOutAttribute.timeout() didn't finish within the time-out 5000
at java.base@17.0.8.1/sun.nio.ch.Net.poll(Native Method)
at java.base@17.0.8.1/sun.nio.ch.NioSocketImpl.park(NioSocketImpl.java:186)
at java.base@17.0.8.1/sun.nio.ch.NioSocketImpl.timedRead(NioSocketImpl.java:290)
at java.base@17.0.8.1/sun.nio.ch.NioSocketImpl.implRead(NioSocketImpl.java:314)
at java.base@17.0.8.1/sun.nio.ch.NioSocketImpl.read(NioSocketImpl.java:355)
at java.base@17.0.8.1/sun.nio.ch.NioSocketImpl$1.read(NioSocketImpl.java:808)
at java.base@17.0.8.1/java.net.Socket$SocketInputStream.read(Socket.java:966)
at app//okio.Okio$2.read(Okio.java:140)
at app//okio.AsyncTimeout$2.read(AsyncTimeout.java:237)
at app//okio.RealBufferedSource.indexOf(RealBufferedSource.java:355)
at app//okio.RealBufferedSource.readUtf8LineStrict(RealBufferedSource.java:227)
at app//okhttp3.internal.http1.Http1Codec.readHeaderLine(Http1Codec.java:215)
at app//okhttp3.internal.http1.Http1Codec.readResponseHeaders(Http1Codec.java:189)
at app//okhttp3.internal.http.CallServerInterceptor.intercept(CallServerInterceptor.java:88)
at app//okhttp3.internal.http.RealInterceptorChain.proceed(RealInterceptorChain.java:147)
at app//okhttp3.internal.http.RealInterceptorChain.proceed(RealInterceptorChain.java:121)
at app//org.openqa.selenium.remote.internal.OkHttpClient$Factory$1.lambda$createClient$1(OkHttpClient.java:152)
at app//org.openqa.selenium.remote.internal.OkHttpClient$Factory$1$$Lambda$181/0x00000001001b78d0.intercept(Unknown Source)
at app//okhttp3.internal.http.RealInterceptorChain.proceed(RealInterceptorChain.java:147)
at app//okhttp3.internal.connection.ConnectInterceptor.intercept(ConnectInterceptor.java:45)
at app//okhttp3.internal.http.RealInterceptorChain.proceed(RealInterceptorChain.java:147)
at app//okhttp3.internal.http.RealInterceptorChain.proceed(RealInterceptorChain.java:121)
at app//okhttp3.internal.cache.CacheInterceptor.intercept(CacheInterceptor.java:93)
at app//okhttp3.internal.http.RealInterceptorChain.proceed(RealInterceptorChain.java:147)
at app//okhttp3.internal.http.RealInterceptorChain.proceed(RealInterceptorChain.java:121)
at app//okhttp3.internal.http.BridgeInterceptor.intercept(BridgeInterceptor.java:93)
at app//okhttp3.internal.http.RealInterceptorChain.proceed(RealInterceptorChain.java:147)
at app//okhttp3.internal.http.RetryAndFollowUpInterceptor.intercept(RetryAndFollowUpInterceptor.java:126)
at app//okhttp3.internal.http.RealInterceptorChain.proceed(RealInterceptorChain.java:147)
at app//okhttp3.internal.http.RealInterceptorChain.proceed(RealInterceptorChain.java:121)
at app//okhttp3.RealCall.getResponseWithInterceptorChain(RealCall.java:200)
at app//okhttp3.RealCall.execute(RealCall.java:77)
at app//org.openqa.selenium.remote.internal.OkHttpClient.execute(OkHttpClient.java:103)
at app//org.openqa.selenium.remote.HttpCommandExecutor.execute(HttpCommandExecutor.java:155)
at app//org.openqa.selenium.remote.service.DriverCommandExecutor.execute(DriverCommandExecutor.java:83)
at app//org.openqa.selenium.remote.RemoteWebDriver.execute(RemoteWebDriver.java:552)
at app//org.openqa.selenium.remote.RemoteWebDriver.get(RemoteWebDriver.java:277)
at app//TestNG_or_UnitTesting.AtTestWithTimeOutAttribute.timeout(AtTestWithTimeOutAttribute.java:13)
at java.base@17.0.8.1/jdk.internal.reflect.NativeMethodAccessorImpl.invoke0(Native Method)
at java.base@17.0.8.1/jdk.internal.reflect.NativeMethodAccessorImpl.invoke(NativeMethodAccessorImpl.java:77)
at java.base@17.0.8.1/jdk.internal.reflect.DelegatingMethodAccessorImpl.invoke(DelegatingMethodAccessorImpl.java:43)
at java.base@17.0.8.1/java.lang.reflect.Method.invoke(Method.java:568)
at app//org.testng.internal.invokers.MethodInvocationHelper.invokeMethod(MethodInvocationHelper.java:139)
at app//org.testng.internal.invokers.InvokeMethodRunnable.runOne(InvokeMethodRunnable.java:47)
at app//org.testng.internal.invokers.InvokeMethodRunnable.call(InvokeMethodRunnable.java:76)
at app//org.testng.internal.invokers.InvokeMethodRunnable.call(InvokeMethodRunnable.java:11)
at java.base@17.0.8.1/java.util.concurrent.FutureTask.run(FutureTask.java:264)
at java.base@17.0.8.1/java.util.concurrent.ThreadPoolExecutor.runWorker(ThreadPoolExecutor.java:1136)
at java.base@17.0.8.1/java.util.concurrent.ThreadPoolExecutor$Worker.run(ThreadPoolExecutor.java:635)
at java.base@17.0.8.1/java.lang.Thread.run(Thread.java:833)
]]>
    </error>
  </testcase> <!-- timeout -->
</testsuite> <!-- TestNG_or_UnitTesting.AtTestWithTimeOutAttribute -->
