<?xml version="1.0" encoding="UTF-8"?>
<!-- Generated by org.testng.reporters.JUnitReportReporter -->
<testsuite hostname="DESKTOP-IRUI47D" failures="0" tests="1" name="Laptops.Asus" time="0.017" errors="0" timestamp="2024-01-21T10:47:41 IST" skipped="0">
  <testcase classname="Laptops.Asus" name="UpdateAsus" time="0.017"/>
</testsuite> <!-- Laptops.Asus -->
