<?xml version="1.0" encoding="UTF-8"?>
<!-- Generated by org.testng.reporters.JUnitReportReporter -->
<testsuite hostname="DESKTOP-IRUI47D" failures="0" tests="1" name="LearningAsserts.VerifyUserAbleToLoginAndAddProductToCartAndLogout" time="14.324" errors="0" timestamp="2024-01-23T17:56:35 IST" skipped="0">
  <testcase classname="LearningAsserts.VerifyUserAbleToLoginAndAddProductToCartAndLogout" name="addproductToCart" time="14.324">
    <system-out>
      <![CDATA[Browser Lanched
Browser Maximized
Implicit wait applied
Application launched
Clicked on login link
Login page displayed
User email entered
Password entered
Clicked on login button
Home page displayed
Search Criteria Entered
Clicked on Search button
Search Result page displayed
Clicked on particukar product
Product details page displayed
Clicked on add to cart button
Product added to cart successfully
Clicked on shopping cart link
Shopping cart page displayed
Added product displayed in cart
Clicked on logout
User loggedout Sucessfully
User closed the window]]>
    </system-out>
  </testcase> <!-- addproductToCart -->
  <system-out>
    <![CDATA[Browser Lanched
Browser Maximized
Implicit wait applied
Application launched
Clicked on login link
Login page displayed
User email entered
Password entered
Clicked on login button
Home page displayed
Search Criteria Entered
Clicked on Search button
Search Result page displayed
Clicked on particukar product
Product details page displayed
Clicked on add to cart button
Product added to cart successfully
Clicked on shopping cart link
Shopping cart page displayed
Added product displayed in cart
Clicked on logout
User loggedout Sucessfully
User closed the window]]>
  </system-out>
</testsuite> <!-- LearningAsserts.VerifyUserAbleToLoginAndAddProductToCartAndLogout -->
