<?xml version="1.0" encoding="UTF-8"?>
<!-- Generated by org.testng.reporters.JUnitReportReporter -->
<testsuite hostname="DESKTOP-IRUI47D" failures="0" tests="3" name="TestNG_or_UnitTesting.AtTestWithPriority1" time="0.017" errors="0" timestamp="2024-01-17T15:06:30 IST" skipped="0">
  <testcase classname="TestNG_or_UnitTesting.AtTestWithPriority1" name="Yamaha" time="0.012"/>
  <testcase classname="TestNG_or_UnitTesting.AtTestWithPriority1" name="hero" time="0.003"/>
  <testcase classname="TestNG_or_UnitTesting.AtTestWithPriority1" name="kawasaki" time="0.002"/>
</testsuite> <!-- TestNG_or_UnitTesting.AtTestWithPriority1 -->
