<?xml version="1.0" encoding="UTF-8"?>
<!-- Generated by org.testng.reporters.JUnitReportReporter -->
<testsuite hostname="DESKTOP-IRUI47D" failures="0" tests="2" name="Laptops.Hplaptop" time="4.799" errors="0" timestamp="2024-01-21T10:46:26 IST" skipped="0">
  <testcase classname="Laptops.Hplaptop" name="Update" time="0.014"/>
  <testcase classname="Laptops.Hplaptop" name="Hp" time="4.785"/>
</testsuite> <!-- Laptops.Hplaptop -->
