<?xml version="1.0" encoding="UTF-8"?>
<!-- Generated by org.testng.reporters.JUnitReportReporter -->
<testsuite hostname="DESKTOP-IRUI47D" failures="0" tests="1" name="Laptops.Samsung" time="2.143" errors="0" timestamp="2024-01-21T10:47:41 IST" skipped="0">
  <testcase classname="Laptops.Samsung" name="SamsungLaptop" time="2.143"/>
</testsuite> <!-- Laptops.Samsung -->
