<?xml version="1.0" encoding="UTF-8"?>
<!-- Generated by org.testng.reporters.JUnitReportReporter -->
<testsuite hostname="DESKTOP-IRUI47D" failures="0" tests="2" name="DataProvider.LearningdataProvider" time="0.015" errors="0" timestamp="2024-01-22T16:28:46 IST" skipped="0">
  <testcase classname="DataProvider.LearningdataProvider" name="displaydat" time="0.012"/>
  <testcase classname="DataProvider.LearningdataProvider" name="displaydat" time="0.003"/>
</testsuite> <!-- DataProvider.LearningdataProvider -->
