<?xml version="1.0" encoding="UTF-8"?>
<!-- Generated by org.testng.reporters.JUnitReportReporter -->
<testsuite hostname="DESKTOP-IRUI47D" failures="0" tests="5" name="DataProvider.UserRegistrationIn_DemoWebShop_byFetchingDataFromExcel" time="35.954" errors="0" timestamp="2024-01-23T12:03:43 IST" skipped="0">
  <testcase classname="DataProvider.UserRegistrationIn_DemoWebShop_byFetchingDataFromExcel" name="userregistration" time="6.529">
    <system-out>
      <![CDATA[launching browser
Maximizing browser
applied implicit wait
Application launched
Clicked on Register link
Seleceted gender as male
Entered fierst name
Entered last name
Entered email
Entered password
Entered confirm password
Clicked on register button]]>
    </system-out>
  </testcase> <!-- userregistration -->
  <testcase classname="DataProvider.UserRegistrationIn_DemoWebShop_byFetchingDataFromExcel" name="userregistration" time="7.066">
    <system-out>
      <![CDATA[launching browser
Maximizing browser
applied implicit wait
Application launched
Clicked on Register link
Seleceted gender as male
Entered fierst name
Entered last name
Entered email
Entered password
Entered confirm password
Clicked on register button]]>
    </system-out>
  </testcase> <!-- userregistration -->
  <testcase classname="DataProvider.UserRegistrationIn_DemoWebShop_byFetchingDataFromExcel" name="userregistration" time="9.067">
    <system-out>
      <![CDATA[launching browser
Maximizing browser
applied implicit wait
Application launched
Clicked on Register link
Seleceted gender as male
Entered fierst name
Entered last name
Entered email
Entered password
Entered confirm password
Clicked on register button]]>
    </system-out>
  </testcase> <!-- userregistration -->
  <testcase classname="DataProvider.UserRegistrationIn_DemoWebShop_byFetchingDataFromExcel" name="userregistration" time="6.538">
    <system-out>
      <![CDATA[launching browser
Maximizing browser
applied implicit wait
Application launched
Clicked on Register link
Seleceted gender as male
Entered fierst name
Entered last name
Entered email
Entered password
Entered confirm password
Clicked on register button]]>
    </system-out>
  </testcase> <!-- userregistration -->
  <testcase classname="DataProvider.UserRegistrationIn_DemoWebShop_byFetchingDataFromExcel" name="userregistration" time="6.754">
    <system-out>
      <![CDATA[launching browser
Maximizing browser
applied implicit wait
Application launched
Clicked on Register link
Seleceted gender as male
Entered fierst name
Entered last name
Entered email
Entered password
Entered confirm password
Clicked on register button]]>
    </system-out>
  </testcase> <!-- userregistration -->
  <system-out>
    <![CDATA[launching browser
Maximizing browser
applied implicit wait
Application launched
Clicked on Register link
Seleceted gender as male
Entered fierst name
Entered last name
Entered email
Entered password
Entered confirm password
Clicked on register button
launching browser
Maximizing browser
applied implicit wait
Application launched
Clicked on Register link
Seleceted gender as male
Entered fierst name
Entered last name
Entered email
Entered password
Entered confirm password
Clicked on register button
launching browser
Maximizing browser
applied implicit wait
Application launched
Clicked on Register link
Seleceted gender as male
Entered fierst name
Entered last name
Entered email
Entered password
Entered confirm password
Clicked on register button
launching browser
Maximizing browser
applied implicit wait
Application launched
Clicked on Register link
Seleceted gender as male
Entered fierst name
Entered last name
Entered email
Entered password
Entered confirm password
Clicked on register button
launching browser
Maximizing browser
applied implicit wait
Application launched
Clicked on Register link
Seleceted gender as male
Entered fierst name
Entered last name
Entered email
Entered password
Entered confirm password
Clicked on register button]]>
  </system-out>
</testsuite> <!-- DataProvider.UserRegistrationIn_DemoWebShop_byFetchingDataFromExcel -->
