<?xml version="1.0" encoding="UTF-8"?>
<!-- Generated by org.testng.reporters.JUnitReportReporter -->
<testsuite hostname="DESKTOP-IRUI47D" failures="0" tests="2" name="Mobiles.Moto" time="31.758" errors="0" timestamp="2024-01-18T18:13:12 IST" skipped="0">
  <testcase classname="Mobiles.Moto" name="setup" time="0.002"/>
  <testcase classname="Mobiles.Moto" name="StartandStop" time="31.756"/>
</testsuite> <!-- Mobiles.Moto -->
