<?xml version="1.0" encoding="UTF-8"?>
<!-- Generated by org.testng.reporters.JUnitReportReporter -->
<testsuite hostname="DESKTOP-IRUI47D" failures="0" tests="2" name="ConfigurationAnnotations.LearningConfigurationAnnotations" time="0.011" errors="0" timestamp="2024-01-24T12:54:33 IST" skipped="0">
  <testcase classname="ConfigurationAnnotations.LearningConfigurationAnnotations" name="name" time="0.009">
    <system-out>
      <![CDATA[i am vijay]]>
    </system-out>
  </testcase> <!-- name -->
  <testcase classname="ConfigurationAnnotations.LearningConfigurationAnnotations" name="yourname" time="0.002">
    <system-out>
      <![CDATA[ my name Arjun]]>
    </system-out>
  </testcase> <!-- yourname -->
  <system-out>
    <![CDATA[ demo i executed before suite
demo1 i executed before test
demo2 i executed before class
demo3 i executed before method
i am vijay
demo31 i executed after method
demo3 i executed before method
 my name Arjun
demo31 i executed after method
demo21 i executed after class
demo11 i executed after test
demoo i executed after suite]]>
  </system-out>
</testsuite> <!-- ConfigurationAnnotations.LearningConfigurationAnnotations -->
