<?xml version="1.0" encoding="UTF-8"?>
<!-- Generated by org.testng.reporters.JUnitReportReporter -->
<testsuite hostname="DESKTOP-IRUI47D" failures="0" tests="3" name="DataProvider.loginTodemoWebshop" time="22.358" errors="0" timestamp="2024-01-22T17:01:12 IST" skipped="0">
  <testcase classname="DataProvider.loginTodemoWebshop" name="Use" time="8.083"/>
  <testcase classname="DataProvider.loginTodemoWebshop" name="Use" time="8.078"/>
  <testcase classname="DataProvider.loginTodemoWebshop" name="Use" time="6.197"/>
</testsuite> <!-- DataProvider.loginTodemoWebshop -->
