<?xml version="1.0" encoding="UTF-8"?>
<!-- Generated by org.testng.reporters.JUnitReportReporter -->
<testsuite hostname="DESKTOP-IRUI47D" failures="0" tests="1" name="Cross_Browser_Testing.marks" time="0.003" errors="0" timestamp="2024-01-22T13:19:17 IST" skipped="0">
  <testcase classname="Cross_Browser_Testing.marks" name="markes" time="0.003"/>
</testsuite> <!-- Cross_Browser_Testing.marks -->
