<?xml version="1.0" encoding="UTF-8"?>
<!-- Generated by org.testng.reporters.JUnitReportReporter -->
<testsuite hostname="DESKTOP-IRUI47D" failures="0" tests="1" name="Cross_Browser_Testing.CrossBrowser2" time="0.005" errors="0" timestamp="2024-01-22T12:01:28 IST" skipped="0">
  <testcase classname="Cross_Browser_Testing.CrossBrowser2" name="substract" time="0.005"/>
</testsuite> <!-- Cross_Browser_Testing.CrossBrowser2 -->
