<?xml version="1.0" encoding="UTF-8"?>
<!-- Generated by org.testng.reporters.JUnitReportReporter -->
<testsuite hostname="DESKTOP-IRUI47D" failures="0" tests="1" name="Bikes.Suzuki" time="4.314" errors="0" timestamp="2024-01-21T10:09:28 IST" skipped="0">
  <testcase classname="Bikes.Suzuki" name="suzuki" time="4.314"/>
</testsuite> <!-- Bikes.Suzuki -->
