<?xml version="1.0" encoding="UTF-8"?>
<!-- Generated by org.testng.reporters.JUnitReportReporter -->
<testsuite hostname="DESKTOP-IRUI47D" failures="0" tests="1" name="TestNG_or_UnitTesting.AtTest1" time="0.018" errors="0" timestamp="2024-01-17T12:23:18 IST" skipped="0">
  <testcase classname="TestNG_or_UnitTesting.AtTest1" name="demo" time="0.018"/>
</testsuite> <!-- TestNG_or_UnitTesting.AtTest1 -->
