<?xml version="1.0" encoding="UTF-8"?>
<!-- Generated by org.testng.reporters.JUnitReportReporter -->
<testsuite hostname="DESKTOP-IRUI47D" failures="0" tests="1" name="LearningAsserts.ValidatingLoginPageDisplayedOrNot" time="5.476" errors="0" timestamp="2024-01-23T13:09:53 IST" skipped="0">
  <testcase classname="LearningAsserts.ValidatingLoginPageDisplayedOrNot" name="login" time="5.476">
    <system-out>
      <![CDATA[login page displayed]]>
    </system-out>
  </testcase> <!-- login -->
  <system-out>
    <![CDATA[login page displayed]]>
  </system-out>
</testsuite> <!-- LearningAsserts.ValidatingLoginPageDisplayedOrNot -->
