<?xml version="1.0" encoding="UTF-8"?>
<!-- Generated by org.testng.reporters.JUnitReportReporter -->
<testsuite hostname="DESKTOP-IRUI47D" failures="0" tests="4" name="TestNG_or_UnitTesting.AtTestWithSamePriority" time="0.023" errors="0" timestamp="2024-01-17T15:10:01 IST" skipped="0">
  <testcase classname="TestNG_or_UnitTesting.AtTestWithSamePriority" name="tan" time="0.014"/>
  <testcase classname="TestNG_or_UnitTesting.AtTestWithSamePriority" name="sign" time="0.004"/>
  <testcase classname="TestNG_or_UnitTesting.AtTestWithSamePriority" name="xray" time="0.003"/>
  <testcase classname="TestNG_or_UnitTesting.AtTestWithSamePriority" name="cos" time="0.002"/>
</testsuite> <!-- TestNG_or_UnitTesting.AtTestWithSamePriority -->
