<?xml version="1.0" encoding="UTF-8"?>
<!-- Generated by org.testng.reporters.JUnitReportReporter -->
<testsuite hostname="DESKTOP-IRUI47D" failures="0" tests="3" name="Mobiles.iphone" time="5.725" errors="0" timestamp="2024-01-18T18:13:12 IST" skipped="0">
  <testcase classname="Mobiles.iphone" name="UpdateIphone" time="0.003"/>
  <testcase classname="Mobiles.iphone" name="startIphone" time="5.721"/>
  <testcase classname="Mobiles.iphone" name="endIphone" time="0.001"/>
</testsuite> <!-- Mobiles.iphone -->
