<?xml version="1.0" encoding="UTF-8"?>
<!-- Generated by org.testng.reporters.JUnitReportReporter -->
<testsuite hostname="DESKTOP-IRUI47D" failures="0" tests="1" name="Mobiles.vivo" time="33.303" errors="0" timestamp="2024-01-18T18:13:12 IST" skipped="0">
  <testcase classname="Mobiles.vivo" name="startVivo" time="33.303"/>
</testsuite> <!-- Mobiles.vivo -->
