<?xml version="1.0" encoding="UTF-8"?>
<!-- Generated by org.testng.reporters.JUnitReportReporter -->
<testsuite hostname="DESKTOP-IRUI47D" failures="0" tests="3" name="TestNG_or_UnitTesting.AtTest3" time="0.024" errors="0" timestamp="2024-01-17T14:56:53 IST" skipped="0">
  <testcase classname="TestNG_or_UnitTesting.AtTest3" name="gamma" time="0.003"/>
  <testcase classname="TestNG_or_UnitTesting.AtTest3" name="alpha" time="0.019"/>
  <testcase classname="TestNG_or_UnitTesting.AtTest3" name="beta" time="0.002"/>
</testsuite> <!-- TestNG_or_UnitTesting.AtTest3 -->
