<?xml version="1.0" encoding="UTF-8"?>
<!-- Generated by org.testng.reporters.JUnitReportReporter -->
<testsuite hostname="DESKTOP-IRUI47D" failures="0" tests="1" name="ConfigurationAnnotations.ScriptUsingConfigurationAnnotationOnDemowebshop" time="6.921" errors="0" timestamp="2024-01-24T15:27:28 IST" skipped="0">
  <testcase classname="ConfigurationAnnotations.ScriptUsingConfigurationAnnotationOnDemowebshop" name="hometest" time="6.921">
    <system-out>
      <![CDATA[i am home test
email displayed on home page]]>
    </system-out>
  </testcase> <!-- hometest -->
  <system-out>
    <![CDATA[path is setted
Browser maximized
before class
application launched
clicked on login link
entered email
entered password
clicked on login button
before method
logged in
i am home test
email displayed on home page
logged out
after method
after class
window closed
after test
after suite]]>
  </system-out>
</testsuite> <!-- ConfigurationAnnotations.ScriptUsingConfigurationAnnotationOnDemowebshop -->
