<?xml version="1.0" encoding="UTF-8"?>
<!-- Generated by org.testng.reporters.JUnitReportReporter -->
<testsuite hostname="DESKTOP-IRUI47D" failures="0" tests="1" name="Bikes.Hero" time="17.956" errors="0" timestamp="2024-01-21T10:09:28 IST" skipped="0">
  <testcase classname="Bikes.Hero" name="hero" time="17.956"/>
</testsuite> <!-- Bikes.Hero -->
