<?xml version="1.0" encoding="UTF-8"?>
<!-- Generated by org.testng.reporters.JUnitReportReporter -->
<testsuite hostname="DESKTOP-IRUI47D" failures="0" tests="2" name="Cross_Browser_Testing.TestingLoginFunctionalityOn_EdgeAndChrome" time="22.451" errors="0" timestamp="2024-01-22T11:31:57 IST" skipped="0">
  <testcase classname="Cross_Browser_Testing.TestingLoginFunctionalityOn_EdgeAndChrome" name="EdgeBrowser" time="15.958"/>
  <testcase classname="Cross_Browser_Testing.TestingLoginFunctionalityOn_EdgeAndChrome" name="chromeBrowser" time="6.493"/>
</testsuite> <!-- Cross_Browser_Testing.TestingLoginFunctionalityOn_EdgeAndChrome -->
