<?xml version="1.0" encoding="UTF-8"?>
<!-- Generated by org.testng.reporters.JUnitReportReporter -->
<testsuite hostname="DESKTOP-IRUI47D" failures="0" tests="3" name="Cross_Browser_Testing.loginToDemoWebShop" time="33.254" errors="0" timestamp="2024-01-22T15:35:31 IST" skipped="0">
  <testcase classname="Cross_Browser_Testing.loginToDemoWebShop" name="login" time="9.283"/>
  <testcase classname="Cross_Browser_Testing.loginToDemoWebShop" name="login" time="15.787"/>
  <testcase classname="Cross_Browser_Testing.loginToDemoWebShop" name="login" time="8.184"/>
</testsuite> <!-- Cross_Browser_Testing.loginToDemoWebShop -->
